Build started 24/3/2558 20:03:04.
     1>Project "C:\Users\V5-473PG\Desktop\Programming\Code\arraylist\arraylist\arraylist.vcxproj" on node 2 (Build target(s)).
     1>Link:
         C:\Program Files (x86)\Microsoft Visual Studio 12.0\VC\bin\link.exe /ERRORREPORT:PROMPT /OUT:"C:\Users\V5-473PG\Desktop\Programming\Code\arraylist\Debug\arraylist.exe" /INCREMENTAL /NOLOGO kernel32.lib user32.lib gdi32.lib winspool.lib comdlg32.lib advapi32.lib shell32.lib ole32.lib oleaut32.lib uuid.lib odbc32.lib odbccp32.lib /MANIFEST /MANIFESTUAC:"level='asInvoker' uiAccess='false'" /manifest:embed /DEBUG /PDB:"C:\Users\V5-473PG\Desktop\Programming\Code\arraylist\Debug\arraylist.pdb" /SUBSYSTEM:CONSOLE /TLBID:1 /DYNAMICBASE /NXCOMPAT /IMPLIB:"C:\Users\V5-473PG\Desktop\Programming\Code\arraylist\Debug\arraylist.lib" /MACHINE:X86 Debug\Source.obj
     1>LINK : fatal error LNK1168: cannot open C:\Users\V5-473PG\Desktop\Programming\Code\arraylist\Debug\arraylist.exe for writing
     1>Done Building Project "C:\Users\V5-473PG\Desktop\Programming\Code\arraylist\arraylist\arraylist.vcxproj" (Build target(s)) -- FAILED.

Build FAILED.

Time Elapsed 00:00:00.28
